#
# There is insufficient memory for the Java Runtime Environment to continue.
# Native memory allocation (malloc) failed to allocate 1048576 bytes for AllocateHeap
# Possible reasons:
#   The system is out of physical RAM or swap space
#   In 32 bit mode, the process size limit was hit
# Possible solutions:
#   Reduce memory load on the system
#   Increase physical memory or swap space
#   Check if swap backing store is full
#   Use 64 bit Java on a 64 bit OS
#   Decrease Java heap size (-Xmx/-Xms)
#   Decrease number of Java threads
#   Decrease Java thread stack sizes (-Xss)
#   Set larger code cache with -XX:ReservedCodeCacheSize=
# This output file may be truncated or incomplete.
#
#  Out of Memory Error (memory/allocation.inline.hpp:61), pid=12196, tid=0x000000000000259c
#
# JRE version:  (8.0_181-b13) (build )
# Java VM: Java HotSpot(TM) 64-Bit Server VM (25.181-b13 mixed mode windows-amd64 compressed oops)
# Failed to write core dump. Minidumps are not enabled by default on client versions of Windows
#

---------------  T H R E A D  ---------------

Current thread (0x0000000003272800):  JavaThread "Unknown thread" [_thread_in_vm, id=9628, stack(0x0000000003170000,0x0000000003270000)]

Stack: [0x0000000003170000,0x0000000003270000]
[error occurred during error reporting (printing stack bounds), id 0xc0000005]

Native frames: (J=compiled Java code, j=interpreted, Vv=VM code, C=native code)


---------------  P R O C E S S  ---------------

Java Threads: ( => current thread )

Other Threads:

=>0x0000000003272800 (exited) JavaThread "Unknown thread" [_thread_in_vm, id=9628, stack(0x0000000003170000,0x0000000003270000)]

VM state:not at safepoint (normal execution)

VM Mutex/Monitor currently owned by a thread: None

Heap:
 PSYoungGen      total 38400K, used 665K [0x00000000d5f00000, 0x00000000d8980000, 0x0000000100000000)
  eden space 33280K, 2% used [0x00000000d5f00000,0x00000000d5fa6670,0x00000000d7f80000)
  from space 5120K, 0% used [0x00000000d8480000,0x00000000d8480000,0x00000000d8980000)
  to   space 5120K, 0% used [0x00000000d7f80000,0x00000000d7f80000,0x00000000d8480000)
 ParOldGen       total 87552K, used 0K [0x0000000081c00000, 0x0000000087180000, 0x00000000d5f00000)
  object space 87552K, 0% used [0x0000000081c00000,0x0000000081c00000,0x0000000087180000)
 Metaspace       used 751K, capacity 4480K, committed 4480K, reserved 1056768K
  class space    used 76K, capacity 384K, committed 384K, reserved 1048576K

Card table byte_map: [0x0000000012730000,0x0000000012b30000] byte_map_base: 0x0000000012322000

Marking Bits: (ParMarkBitMap*) 0x000000006bdb2d00
 Begin Bits: [0x00000000131e0000, 0x0000000015170000)
 End Bits:   [0x0000000015170000, 0x0000000017100000)

Polling page: 0x0000000001760000

CodeCache: size=245760Kb used=328Kb max_used=328Kb free=245431Kb
 bounds [0x0000000003370000, 0x00000000035e0000, 0x0000000012370000]
 total_blobs=58 nmethods=0 adapters=38
 compilation: enabled

Compilation events (0 events):
No events

GC Heap History (0 events):
No events

Deoptimization events (0 events):
No events

Classes redefined (0 events):
No events

Internal exceptions (0 events):
No events

Events (10 events):
Event: 0.033 loading class java/lang/Short
Event: 0.033 loading class java/lang/Short done
Event: 0.033 loading class java/lang/Integer
Event: 0.033 loading class java/lang/Integer done
Event: 0.033 loading class java/lang/Long
Event: 0.033 loading class java/lang/Long done
Event: 0.034 loading class java/lang/NullPointerException
Event: 0.034 loading class java/lang/NullPointerException done
Event: 0.034 loading class java/lang/ArithmeticException
Event: 0.034 loading class java/lang/ArithmeticException done


Dynamic libraries:
0x00007ff79eb40000 - 0x00007ff79eb77000 	C:\Program Files\Java\jre1.8.0_181\bin\javaw.exe
0x00007ffe3f150000 - 0x00007ffe3f331000 	C:\WINDOWS\SYSTEM32\ntdll.dll
0x00007ffe3ef10000 - 0x00007ffe3efc2000 	C:\WINDOWS\System32\KERNEL32.DLL
0x00007ffe3b950000 - 0x00007ffe3bbc3000 	C:\WINDOWS\System32\KERNELBASE.dll
0x00007ffe3d330000 - 0x00007ffe3d3d1000 	C:\WINDOWS\System32\ADVAPI32.dll
0x00007ffe3d290000 - 0x00007ffe3d32e000 	C:\WINDOWS\System32\msvcrt.dll
0x00007ffe3c9f0000 - 0x00007ffe3ca4b000 	C:\WINDOWS\System32\sechost.dll
0x00007ffe3c6a0000 - 0x00007ffe3c7c4000 	C:\WINDOWS\System32\RPCRT4.dll
0x00007ffe3c860000 - 0x00007ffe3c9f0000 	C:\WINDOWS\System32\USER32.dll
0x00007ffe3bcd0000 - 0x00007ffe3bcf0000 	C:\WINDOWS\System32\win32u.dll
0x00007ffe3ee00000 - 0x00007ffe3ee28000 	C:\WINDOWS\System32\GDI32.dll
0x00007ffe3b5c0000 - 0x00007ffe3b752000 	C:\WINDOWS\System32\gdi32full.dll
0x00007ffe3b520000 - 0x00007ffe3b5bf000 	C:\WINDOWS\System32\msvcp_win.dll
0x00007ffe3bbd0000 - 0x00007ffe3bcca000 	C:\WINDOWS\System32\ucrtbase.dll
0x00007ffe2cbc0000 - 0x00007ffe2ce29000 	C:\WINDOWS\WinSxS\amd64_microsoft.windows.common-controls_6595b64144ccf1df_6.0.17134.228_none_fb4599993062b194\COMCTL32.dll
0x00007ffe3ca50000 - 0x00007ffe3cd73000 	C:\WINDOWS\System32\combase.dll
0x00007ffe3c500000 - 0x00007ffe3c57a000 	C:\WINDOWS\System32\bcryptPrimitives.dll
0x00007ffe3e820000 - 0x00007ffe3e84d000 	C:\WINDOWS\System32\IMM32.DLL
0x000000006b3c0000 - 0x000000006b492000 	C:\Program Files\Java\jre1.8.0_181\bin\msvcr100.dll
0x000000006b590000 - 0x000000006be32000 	C:\Program Files\Java\jre1.8.0_181\bin\server\jvm.dll
0x00007ffe3c7d0000 - 0x00007ffe3c7d8000 	C:\WINDOWS\System32\PSAPI.DLL
0x00007ffe39810000 - 0x00007ffe39819000 	C:\WINDOWS\SYSTEM32\WSOCK32.dll
0x00007ffe358f0000 - 0x00007ffe35913000 	C:\WINDOWS\SYSTEM32\WINMM.dll
0x00007ffe3ee30000 - 0x00007ffe3ee9c000 	C:\WINDOWS\System32\WS2_32.dll
0x00007ffe2b340000 - 0x00007ffe2b34a000 	C:\WINDOWS\SYSTEM32\VERSION.dll
0x00007ffe35820000 - 0x00007ffe3584a000 	C:\WINDOWS\SYSTEM32\WINMMBASE.dll
0x00007ffe3c4b0000 - 0x00007ffe3c4f9000 	C:\WINDOWS\System32\cfgmgr32.dll
0x000000006b580000 - 0x000000006b58f000 	C:\Program Files\Java\jre1.8.0_181\bin\verify.dll
0x000000006b550000 - 0x000000006b579000 	C:\Program Files\Java\jre1.8.0_181\bin\java.dll
0x000000006b530000 - 0x000000006b546000 	C:\Program Files\Java\jre1.8.0_181\bin\zip.dll

VM Arguments:
jvm_args: -Dfile.encoding=Cp1252 
java_command: ATMApp
java_class_path (initial): C:\Program Files\Java\jre1.8.0_181\lib\resources.jar;C:\Program Files\Java\jre1.8.0_181\lib\rt.jar;C:\Program Files\Java\jre1.8.0_181\lib\jsse.jar;C:\Program Files\Java\jre1.8.0_181\lib\jce.jar;C:\Program Files\Java\jre1.8.0_181\lib\charsets.jar;C:\Program Files\Java\jre1.8.0_181\lib\jfr.jar;C:\Program Files\Java\jre1.8.0_181\lib\ext\access-bridge-64.jar;C:\Program Files\Java\jre1.8.0_181\lib\ext\cldrdata.jar;C:\Program Files\Java\jre1.8.0_181\lib\ext\dnsns.jar;C:\Program Files\Java\jre1.8.0_181\lib\ext\jaccess.jar;C:\Program Files\Java\jre1.8.0_181\lib\ext\jfxrt.jar;C:\Program Files\Java\jre1.8.0_181\lib\ext\localedata.jar;C:\Program Files\Java\jre1.8.0_181\lib\ext\nashorn.jar;C:\Program Files\Java\jre1.8.0_181\lib\ext\sunec.jar;C:\Program Files\Java\jre1.8.0_181\lib\ext\sunjce_provider.jar;C:\Program Files\Java\jre1.8.0_181\lib\ext\sunmscapi.jar;C:\Program Files\Java\jre1.8.0_181\lib\ext\sunpkcs11.jar;C:\Program Files\Java\jre1.8.0_181\lib\ext\zipfs.jar;C:\Users\Eric\eclipse-workspace\ATMProject\bin;C:\Program Files (x86)\Eclipse\eclipse\plugins\org.junit.jupiter.api_5.0.0.v20170910-2246.jar;C:\Program Files (x86)\Eclipse\eclipse\plugins\org.junit.jupiter.engine_5.0.0.v20170910-2246.jar;C:\Program Files (x86)\Eclipse\eclipse\plugins\org.junit.jupiter.migrationsupport_5.0.0.v20170910-2246.jar;C:\Program Files (x86)\Eclipse\eclipse\plugins\org.junit.jupiter.params_5.0.0.v20170910-2246.jar;C:\Program Files (x86)\Eclipse\eclipse\plugins\org.junit.platform.commons_1.0.0.v20170910-2246.jar;C:\Program Files (x86)\Eclipse\eclipse\plugins\org.junit.platform.engine_1.0.0.v20170910-2246.jar;C:\Program Files (x86)\Eclipse\eclipse\plugins\org.junit.platform.launcher_1.0.0.v20170910-2246.jar;C:\Program Files (x86)\Eclipse\eclipse\plugins\org.junit.platform.runner_1.0.0.v20170910-2246.jar;C:\Program Files (x86)\Eclipse\eclipse\plugins\org.junit.platform.suite.api_1.0.0.v20170910-2246.jar;C:\Program Files (x86)\Eclipse\eclipse\plugins\org.junit.vintag
Launcher Type: SUN_STANDARD

Environment Variables:
PATH=C:/Program Files/Java/jre1.8.0_181/bin/server;C:/Program Files/Java/jre1.8.0_181/bin;C:/Program Files/Java/jre1.8.0_181/lib/amd64;C:\Program Files (x86)\Common Files\Oracle\Java\javapath;C:\Program Files (x86)\Intel\iCLS Client\;C:\Program Files\Intel\iCLS Client\;C:\WINDOWS\system32;C:\WINDOWS;C:\WINDOWS\System32\Wbem;C:\WINDOWS\System32\WindowsPowerShell\v1.0\;C:\Program Files (x86)\Intel\Intel(R) Management Engine Components\DAL;C:\Program Files\Intel\Intel(R) Management Engine Components\DAL;C:\Program Files (x86)\Intel\Intel(R) Management Engine Components\IPT;C:\Program Files\Intel\Intel(R) Management Engine Components\IPT;C:\WINDOWS\system32\config\systemprofile\.dnx\bin;C:\Program Files\Microsoft DNX\Dnvm\;C:\Program Files\Microsoft SQL Server\120\Tools\Binn\;C:\Program Files\Microsoft SQL Server\130\Tools\Binn\;C:\Program Files (x86)\Windows Kits\10\Windows Performance Toolkit\;C:\Program Files\Microsoft SQL Server\Client SDK\ODBC\110\Tools\Binn\;C:\Program Files (x86)\Microsoft SQL Server\120\Tools\Binn\;C:\Program Files\Microsoft SQL Server\120\DTS\Binn\;C:\Program Files (x86)\Microsoft SQL Server\120\Tools\Binn\ManagementStudio\;C:\Program Files (x86)\Microsoft SQL Server\120\DTS\Binn\;C:\Program Files\nodejs\;C:\Program Files\Intel\WiFi\bin\;C:\Program Files\Common Files\Intel\WirelessCommon\;C:\WINDOWS\System32\OpenSSH\;C:\Users\Eric\AppData\Local\Microsoft\WindowsApps;;C:\Program Files (x86)\Eclipse\eclipse;
USERNAME=Eric
OS=Windows_NT
PROCESSOR_IDENTIFIER=Intel64 Family 6 Model 78 Stepping 3, GenuineIntel



---------------  S Y S T E M  ---------------

OS: Windows 10.0 , 64 bit Build 17134 (10.0.17134.1)

CPU:total 4 (initial active 4) (2 cores per cpu, 2 threads per core) family 6 model 78 stepping 3, cmov, cx8, fxsr, mmx, sse, sse2, sse3, ssse3, sse4.1, sse4.2, popcnt, avx, avx2, aes, clmul, erms, rtm, 3dnowpref, lzcnt, ht, tsc, tscinvbit, bmi1, bmi2, adx

Memory: 4k page, physical 8268832k(522256k free), swap 22656412k(7844k free)

vm_info: Java HotSpot(TM) 64-Bit Server VM (25.181-b13) for windows-amd64 JRE (1.8.0_181-b13), built on Jul  7 2018 04:01:33 by "java_re" with MS VC++ 10.0 (VS2010)

time: Thu Sep 06 14:11:32 2018
elapsed time: 0 seconds (0d 0h 0m 0s)

